# JRE version: OpenJDK Runtime Environment (15.0+36) (build 15+36-1562)
# Java VM: OpenJDK 64-Bit Server VM (15+36-1562, mixed mode, sharing, tiered, compressed oops, g1 gc, windows-amd64)
GC Precious Log:
 CPUs: 12 total, 12 available
 Memory: 16332M
 Large Page Support: Disabled
 NUMA Support: Disabled
 Compressed Oops: Enabled (Zero based)
 Heap Region Size: 2M
 Heap Min Capacity: 8M
 Heap Initial Capacity: 256M
 Heap Max Capacity: 4084M
 Pre-touch: Disabled
 Parallel Workers: 10
 Concurrent Workers: 3
 Concurrent Refinement Workers: 10
 Periodic GC: Disabled
Heap:
 garbage-first heap   total 61440K, used 22214K [0x0000000700c00000, 0x0000000800000000)
  region size 2048K, 4 young (8192K), 1 survivors (2048K)
 Metaspace       used 33660K, capacity 34076K, committed 34224K, reserved 1079296K
  class space    used 4131K, capacity 4229K, committed 4352K, reserved 1048576K
GC Heap History (14 events):
Event: 1.111 GC heap before
{Heap before GC invocations=0 (full 0):
 garbage-first heap   total 262144K, used 20480K [0x0000000700c00000, 0x0000000800000000)
  region size 2048K, 11 young (22528K), 0 survivors (0K)
 Metaspace       used 3928K, capacity 5926K, committed 6016K, reserved 1056768K
  class space    used 385K, capacity 566K, committed 640K, reserved 1048576K
}
Event: 1.123 GC heap after
{Heap after GC invocations=1 (full 0):
 garbage-first heap   total 262144K, used 6760K [0x0000000700c00000, 0x0000000800000000)
  region size 2048K, 2 young (4096K), 2 survivors (4096K)
 Metaspace       used 3928K, capacity 5926K, committed 6016K, reserved 1056768K
  class space    used 385K, capacity 566K, committed 640K, reserved 1048576K
}
Event: 2.364 GC heap before
{Heap before GC invocations=1 (full 0):
 garbage-first heap   total 262144K, used 29288K [0x0000000700c00000, 0x0000000800000000)
  region size 2048K, 13 young (26624K), 2 survivors (4096K)
 Metaspace       used 10230K, capacity 10663K, committed 10880K, reserved 1058816K
  class space    used 1222K, capacity 1294K, committed 1408K, reserved 1048576K
}
Event: 2.370 GC heap after
{Heap after GC invocations=2 (full 0):
 garbage-first heap   total 262144K, used 8715K [0x0000000700c00000, 0x0000000800000000)
  region size 2048K, 1 young (2048K), 1 survivors (2048K)
 Metaspace       used 10230K, capacity 10663K, committed 10880K, reserved 1058816K
  class space    used 1222K, capacity 1294K, committed 1408K, reserved 1048576K
}
Event: 4.417 GC heap before
{Heap before GC invocations=2 (full 0):
 garbage-first heap   total 262144K, used 55819K [0x0000000700c00000, 0x0000000800000000)
  region size 2048K, 26 young (53248K), 1 survivors (2048K)
 Metaspace       used 20936K, capacity 21199K, committed 21296K, reserved 1069056K
  class space    used 2601K, capacity 2679K, committed 2688K, reserved 1048576K
}
Event: 4.423 GC heap after
{Heap after GC invocations=3 (full 0):
 garbage-first heap   total 262144K, used 11509K [0x0000000700c00000, 0x0000000800000000)
  region size 2048K, 3 young (6144K), 3 survivors (6144K)
 Metaspace       used 20936K, capacity 21199K, committed 21296K, reserved 1069056K
  class space    used 2601K, capacity 2679K, committed 2688K, reserved 1048576K
}
Event: 5.739 GC heap before
{Heap before GC invocations=4 (full 0):
 garbage-first heap   total 61440K, used 42229K [0x0000000700c00000, 0x0000000800000000)
  region size 2048K, 18 young (36864K), 3 survivors (6144K)
 Metaspace       used 22509K, capacity 22866K, committed 23088K, reserved 1069056K
  class space    used 2773K, capacity 2884K, committed 2944K, reserved 1048576K
}
Event: 5.748 GC heap after
{Heap after GC invocations=5 (full 0):
 garbage-first heap   total 61440K, used 13702K [0x0000000700c00000, 0x0000000800000000)
  region size 2048K, 3 young (6144K), 3 survivors (6144K)
 Metaspace       used 22509K, capacity 22866K, committed 23088K, reserved 1069056K
  class space    used 2773K, capacity 2884K, committed 2944K, reserved 1048576K
}
Event: 7.446 GC heap before
{Heap before GC invocations=5 (full 0):
 garbage-first heap   total 61440K, used 40326K [0x0000000700c00000, 0x0000000800000000)
  region size 2048K, 16 young (32768K), 3 survivors (6144K)
 Metaspace       used 26301K, capacity 26686K, committed 26928K, reserved 1073152K
  class space    used 3296K, capacity 3422K, committed 3456K, reserved 1048576K
}
Event: 7.457 GC heap after
{Heap after GC invocations=6 (full 0):
 garbage-first heap   total 61440K, used 14885K [0x0000000700c00000, 0x0000000800000000)
  region size 2048K, 2 young (4096K), 2 survivors (4096K)
 Metaspace       used 26301K, capacity 26686K, committed 26928K, reserved 1073152K
  class space    used 3296K, capacity 3422K, committed 3456K, reserved 1048576K
}
Event: 9.210 GC heap before
{Heap before GC invocations=6 (full 0):
 garbage-first heap   total 61440K, used 41509K [0x0000000700c00000, 0x0000000800000000)
  region size 2048K, 15 young (30720K), 2 survivors (4096K)
 Metaspace       used 32436K, capacity 32859K, committed 33072K, reserved 1079296K
  class space    used 3998K, capacity 4124K, committed 4224K, reserved 1048576K
}
Event: 9.227 GC heap after
{Heap after GC invocations=7 (full 0):
 garbage-first heap   total 61440K, used 17298K [0x0000000700c00000, 0x0000000800000000)
  region size 2048K, 2 young (4096K), 2 survivors (4096K)
 Metaspace       used 32436K, capacity 32859K, committed 33072K, reserved 1079296K
  class space    used 3998K, capacity 4124K, committed 4224K, reserved 1048576K
}
Event: 9.534 GC heap before
{Heap before GC invocations=7 (full 0):
 garbage-first heap   total 61440K, used 39826K [0x0000000700c00000, 0x0000000800000000)
  region size 2048K, 14 young (28672K), 2 survivors (4096K)
 Metaspace       used 32967K, capacity 33339K, committed 33584K, reserved 1079296K
  class space    used 4044K, capacity 4156K, committed 4224K, reserved 1048576K
}
Event: 9.545 GC heap after
{Heap after GC invocations=8 (full 0):
 garbage-first heap   total 61440K, used 18118K [0x0000000700c00000, 0x0000000800000000)
  region size 2048K, 1 young (2048K), 1 survivors (2048K)
 Metaspace       used 32967K, capacity 33339K, committed 33584K, reserved 1079296K
  class space    used 4044K, capacity 4156K, committed 4224K, reserved 1048576K
}

